Using pre-set license
Built from '2020.3/staging' branch; Version is '2020.3.8f1 (507919d4fff5) revision 5273881'; Using compiler version '192528614'; Build Type 'Release'
OS: 'Windows 10 Home; OS build 19043.1165; Version 2009; 64bit' Language: 'en' Physical Memory: 16264 MB
BatchMode: 1, IsHumanControllingUs: 0, StartBugReporterOnCrash: 0, Is64bit: 1, IsPro: 0

 COMMAND LINE ARGUMENTS:
D:\github\3rd year suff\2020.3.8f1\Editor\Unity.exe
-adb2
-batchMode
-noUpm
-name
AssetImportWorker0
-projectPath
D:/github/after college/spooky-game/horror game
-logFile
Logs/AssetImportWorker0.log
-srvPort
58880
Successfully changed project path to: D:/github/after college/spooky-game/horror game
D:/github/after college/spooky-game/horror game
Using Asset Import Pipeline V2.
Refreshing native plugins compatible for Editor in 89.68 ms, found 0 plugins.
Preloading 0 native plugins for Editor in 0.00 ms.
Initialize engine version: 2020.3.8f1 (507919d4fff5)
[Subsystems] Discovering subsystems at path D:/github/3rd year suff/2020.3.8f1/Editor/Data/Resources/UnitySubsystems
[Subsystems] Discovering subsystems at path D:/github/after college/spooky-game/horror game/Assets
GfxDevice: creating device client; threaded=0
Direct3D:
    Version:  Direct3D 11.0 [level 11.0]
    Renderer: NVIDIA GeForce GTX 960M (ID=0x139b)
    Vendor:   
    VRAM:     2010 MB
    Driver:   27.21.14.6627
Shader 'Universal Render Pipeline/Particles/Lit': fallback shader 'Universal Render Pipeline/Particles/SimpleLit' not found
Initialize mono
Mono path[0] = 'D:/github/3rd year suff/2020.3.8f1/Editor/Data/Managed'
Mono path[1] = 'D:/github/3rd year suff/2020.3.8f1/Editor/Data/MonoBleedingEdge/lib/mono/unityjit'
Mono config path = 'D:/github/3rd year suff/2020.3.8f1/Editor/Data/MonoBleedingEdge/etc'
Using monoOptions --debugger-agent=transport=dt_socket,embedding=1,server=y,suspend=n,address=127.0.0.1:56016
Begin MonoManager ReloadAssembly
Registering precompiled unity dll's ...
Register platform support module: D:/github/3rd year suff/2020.3.8f1/Editor/Data/PlaybackEngines/WindowsStandaloneSupport/UnityEditor.WindowsStandalone.Extensions.dll
Registered in 0.002376 seconds.
Native extension for WindowsStandalone target not found
Refreshing native plugins compatible for Editor in 120.58 ms, found 0 plugins.
Preloading 0 native plugins for Editor in 0.00 ms.
Mono: successfully reloaded assembly
- Completed reload, in  1.754 seconds
Platform modules already initialized, skipping
Registering precompiled user dll's ...
Registered in 0.003263 seconds.
Begin MonoManager ReloadAssembly
Native extension for WindowsStandalone target not found
Refreshing native plugins compatible for Editor in 85.14 ms, found 0 plugins.
Preloading 0 native plugins for Editor in 0.00 ms.
Mono: successfully reloaded assembly
- Completed reload, in  2.663 seconds
Platform modules already initialized, skipping
========================================================================
Worker process is ready to serve import requests
Shader 'Universal Render Pipeline/Particles/Lit': fallback shader 'Universal Render Pipeline/Particles/SimpleLit' not found
Launched and connected shader compiler UnityShaderCompiler.exe after 0.07 seconds
Refreshing native plugins compatible for Editor in 0.89 ms, found 0 plugins.
Preloading 0 native plugins for Editor in 0.00 ms.
Unloading 3488 Unused Serialized files (Serialized files now loaded: 0)
System memory in use before: 232.3 MB.
System memory in use after: 232.2 MB.

Unloading 154 unused Assets to reduce memory usage. Loaded Objects now: 3937.
Total: 4.301600 ms (FindLiveObjects: 0.381600 ms CreateObjectMapping: 0.304300 ms MarkObjects: 3.228700 ms  DeleteObjects: 0.385800 ms)

========================================================================
Received Import Request.
  path: Assets/models/generic animations/Main Camera.controller
  artifactKey: Guid(9bd83f5f25574914180f7f25745736fe) Importer(815301076,1909f56bfc062723c751e8b465ee728b)
Start importing Assets/models/generic animations/Main Camera.controller using Guid(9bd83f5f25574914180f7f25745736fe) Importer(815301076,1909f56bfc062723c751e8b465ee728b)  -> (artifact id: '64b22ca1b907676d762786117cf231c8') in 0.118854 seconds
  Import took 0.156021 seconds .

========================================================================
Received Import Request.
  Time since last request: 24.955634 seconds.
  path: Assets/models/untitled 2.controller
  artifactKey: Guid(342088bb47b6b2441ba68a89f1254dd7) Importer(815301076,1909f56bfc062723c751e8b465ee728b)
Start importing Assets/models/untitled 2.controller using Guid(342088bb47b6b2441ba68a89f1254dd7) Importer(815301076,1909f56bfc062723c751e8b465ee728b)  -> (artifact id: 'ca491cfe3f176da362d465b078f718d4') in 0.155211 seconds
  Import took 0.215110 seconds .

========================================================================
Received Prepare
Registering precompiled user dll's ...
Registered in 0.004782 seconds.
Begin MonoManager ReloadAssembly
Native extension for WindowsStandalone target not found
Refreshing native plugins compatible for Editor in 1.23 ms, found 0 plugins.
Preloading 0 native plugins for Editor in 0.00 ms.
Warning: Annotation not found!
UnityEngine.StackTraceUtility:ExtractStackTrace ()
UnityEditor.ProBuilder.EditorUtility:SetGizmoIconEnabled (System.Type,bool) (at Library/PackageCache/com.unity.probuilder@4.5.0/Editor/EditorCore/EditorUtility.cs:593)
UnityEditor.ProBuilder.HierarchyListener:.cctor () (at Library/PackageCache/com.unity.probuilder@4.5.0/Editor/EditorCore/HierarchyListener.cs:21)
System.Runtime.CompilerServices.RuntimeHelpers:RunClassConstructor (System.RuntimeTypeHandle)
UnityEditor.EditorAssemblies:ProcessInitializeOnLoadAttributes (System.Type[])

[Library/PackageCache/com.unity.probuilder@4.5.0/Editor/EditorCore/EditorUtility.cs line 593]

Mono: successfully reloaded assembly
- Completed reload, in  2.868 seconds
Platform modules already initialized, skipping
Shader 'Universal Render Pipeline/Particles/Lit': fallback shader 'Universal Render Pipeline/Particles/SimpleLit' not found
Refreshing native plugins compatible for Editor in 0.89 ms, found 0 plugins.
Preloading 0 native plugins for Editor in 0.00 ms.
Unloading 3338 Unused Serialized files (Serialized files now loaded: 0)
System memory in use before: 222.4 MB.
System memory in use after: 222.3 MB.

Unloading 17 unused Assets to reduce memory usage. Loaded Objects now: 3946.
Total: 8.204900 ms (FindLiveObjects: 0.557900 ms CreateObjectMapping: 0.810600 ms MarkObjects: 6.561300 ms  DeleteObjects: 0.272900 ms)

AssetImportWorkerClient::OnTransportError - code=2 error=End of file
