Using pre-set license
Built from '2020.3/staging' branch; Version is '2020.3.8f1 (507919d4fff5) revision 5273881'; Using compiler version '192528614'; Build Type 'Release'
OS: 'Windows 10 Home; OS build 19041.985; Version 2004; 64bit' Language: 'en' Physical Memory: 16264 MB
BatchMode: 1, IsHumanControllingUs: 0, StartBugReporterOnCrash: 0, Is64bit: 1, IsPro: 0

 COMMAND LINE ARGUMENTS:
D:\github\3rd year suff\2020.3.8f1\Editor\Unity.exe
-adb2
-batchMode
-noUpm
-name
AssetImportWorker0
-projectPath
D:/github/after college/horror game
-logFile
Logs/AssetImportWorker0.log
-srvPort
49884
Successfully changed project path to: D:/github/after college/horror game
D:/github/after college/horror game
Using Asset Import Pipeline V2.
Refreshing native plugins compatible for Editor in 84.12 ms, found 0 plugins.
Preloading 0 native plugins for Editor in 0.00 ms.
Initialize engine version: 2020.3.8f1 (507919d4fff5)
[Subsystems] Discovering subsystems at path D:/github/3rd year suff/2020.3.8f1/Editor/Data/Resources/UnitySubsystems
[Subsystems] Discovering subsystems at path D:/github/after college/horror game/Assets
GfxDevice: creating device client; threaded=0
Direct3D:
    Version:  Direct3D 11.0 [level 11.0]
    Renderer: NVIDIA GeForce GTX 960M (ID=0x139b)
    Vendor:   
    VRAM:     2010 MB
    Driver:   27.21.14.6627
Shader 'Universal Render Pipeline/Particles/Lit': fallback shader 'Universal Render Pipeline/Particles/SimpleLit' not found
Initialize mono
Mono path[0] = 'D:/github/3rd year suff/2020.3.8f1/Editor/Data/Managed'
Mono path[1] = 'D:/github/3rd year suff/2020.3.8f1/Editor/Data/MonoBleedingEdge/lib/mono/unityjit'
Mono config path = 'D:/github/3rd year suff/2020.3.8f1/Editor/Data/MonoBleedingEdge/etc'
Using monoOptions --debugger-agent=transport=dt_socket,embedding=1,server=y,suspend=n,address=127.0.0.1:56740
Begin MonoManager ReloadAssembly
Registering precompiled unity dll's ...
Register platform support module: D:/github/3rd year suff/2020.3.8f1/Editor/Data/PlaybackEngines/WindowsStandaloneSupport/UnityEditor.WindowsStandalone.Extensions.dll
Registered in 0.001533 seconds.
Native extension for WindowsStandalone target not found
Refreshing native plugins compatible for Editor in 94.10 ms, found 0 plugins.
Preloading 0 native plugins for Editor in 0.00 ms.
Mono: successfully reloaded assembly
- Completed reload, in  1.716 seconds
Platform modules already initialized, skipping
Registering precompiled user dll's ...
Registered in 0.002358 seconds.
Begin MonoManager ReloadAssembly
Native extension for WindowsStandalone target not found
Refreshing native plugins compatible for Editor in 80.89 ms, found 0 plugins.
Preloading 0 native plugins for Editor in 0.00 ms.
Mono: successfully reloaded assembly
- Completed reload, in  2.110 seconds
Platform modules already initialized, skipping
========================================================================
Worker process is ready to serve import requests
Shader 'Universal Render Pipeline/Particles/Lit': fallback shader 'Universal Render Pipeline/Particles/SimpleLit' not found
Launched and connected shader compiler UnityShaderCompiler.exe after 0.07 seconds
Refreshing native plugins compatible for Editor in 0.75 ms, found 0 plugins.
Preloading 0 native plugins for Editor in 0.00 ms.
Unloading 3113 Unused Serialized files (Serialized files now loaded: 0)
System memory in use before: 140.8 MB.
System memory in use after: 140.6 MB.

Unloading 21 unused Assets to reduce memory usage. Loaded Objects now: 3565.
Total: 3.987000 ms (FindLiveObjects: 0.743200 ms CreateObjectMapping: 0.245300 ms MarkObjects: 2.739600 ms  DeleteObjects: 0.257600 ms)

========================================================================
Received Import Request.
  path: Assets/player.prefab
  artifactKey: Guid(65de6d7ca3f7978479e9480195bf4f00) Importer(815301076,1909f56bfc062723c751e8b465ee728b)
Start importing Assets/player.prefab using Guid(65de6d7ca3f7978479e9480195bf4f00) Importer(815301076,1909f56bfc062723c751e8b465ee728b)  -> (artifact id: 'b2610b52dc3ce2f1ac521c513a6d2df5') in 0.665900 seconds
  Import took 0.694799 seconds .

========================================================================
Received Import Request.
  Time since last request: 0.075689 seconds.
  path: Assets/cameracontainor.prefab
  artifactKey: Guid(d8cdc071885263545a924ac1c1496985) Importer(815301076,1909f56bfc062723c751e8b465ee728b)
Start importing Assets/cameracontainor.prefab using Guid(d8cdc071885263545a924ac1c1496985) Importer(815301076,1909f56bfc062723c751e8b465ee728b)  -> (artifact id: 'f5258bde8159d9b865f8e4614ad63843') in 0.283520 seconds
  Import took 0.344180 seconds .

========================================================================
Received Import Request.
  Time since last request: 22.940496 seconds.
  path: Assets/Cylinder.prefab
  artifactKey: Guid(945e918883ba8b54d890a08c54f4bd54) Importer(815301076,1909f56bfc062723c751e8b465ee728b)
Start importing Assets/Cylinder.prefab using Guid(945e918883ba8b54d890a08c54f4bd54) Importer(815301076,1909f56bfc062723c751e8b465ee728b)  -> (artifact id: 'd09fae91397307028bfc50c2db622ce7') in 0.019829 seconds
  Import took 0.027219 seconds .

========================================================================
Received Import Request.
  Time since last request: 0.024483 seconds.
  path: Assets/Cylinder.prefab
  artifactKey: Guid(945e918883ba8b54d890a08c54f4bd54) Importer(815301076,1909f56bfc062723c751e8b465ee728b)
Start importing Assets/Cylinder.prefab using Guid(945e918883ba8b54d890a08c54f4bd54) Importer(815301076,1909f56bfc062723c751e8b465ee728b)  -> (artifact id: 'd09fae91397307028bfc50c2db622ce7') in 0.021719 seconds
  Import took 0.029626 seconds .

========================================================================
Received Import Request.
  Time since last request: 25.398895 seconds.
  path: Assets/test area.unity
  artifactKey: Guid(c9fc854622246d54bb3432b2bae1cc85) Importer(815301076,1909f56bfc062723c751e8b465ee728b)
Start importing Assets/test area.unity using Guid(c9fc854622246d54bb3432b2bae1cc85) Importer(815301076,1909f56bfc062723c751e8b465ee728b)  -> (artifact id: '4a55f67f45a58ece9305b01c1f5e0386') in 0.011831 seconds
  Import took 0.055847 seconds .

========================================================================
Received Import Request.
  Time since last request: 39.444779 seconds.
  path: Assets/Tree.prefab
  artifactKey: Guid(8b5cc5d649adff540a4f58e9c92c0e97) Importer(815301076,1909f56bfc062723c751e8b465ee728b)
Start importing Assets/Tree.prefab using Guid(8b5cc5d649adff540a4f58e9c92c0e97) Importer(815301076,1909f56bfc062723c751e8b465ee728b)  -> (artifact id: 'a54fd5e7446ad0346631b112c0c969c0') in 0.475256 seconds
  Import took 0.481892 seconds .

========================================================================
Received Import Request.
  Time since last request: 329.390515 seconds.
  path: Assets/Scenes/SampleScene.unity
  artifactKey: Guid(d1c3109bdb54ad54c8a2b2838528e640) Importer(815301076,1909f56bfc062723c751e8b465ee728b)
Start importing Assets/Scenes/SampleScene.unity using Guid(d1c3109bdb54ad54c8a2b2838528e640) Importer(815301076,1909f56bfc062723c751e8b465ee728b)  -> (artifact id: '6b5a75b8f44ed280638c27c27153967a') in 0.010453 seconds
  Import took 0.052031 seconds .

========================================================================
Received Import Request.
  Time since last request: 37.537322 seconds.
  path: Assets/player containor.prefab
  artifactKey: Guid(7ec3cb218b96ce64898a48e0f28b56b7) Importer(815301076,1909f56bfc062723c751e8b465ee728b)
Start importing Assets/player containor.prefab using Guid(7ec3cb218b96ce64898a48e0f28b56b7) Importer(815301076,1909f56bfc062723c751e8b465ee728b)  -> (artifact id: '4d0d3efd2301a71f4a0dba2e5dd5e883') in 0.149841 seconds
  Import took 0.156795 seconds .

========================================================================
Received Import Request.
  Time since last request: 9.501782 seconds.
  path: Assets/test area.unity
  artifactKey: Guid(c9fc854622246d54bb3432b2bae1cc85) Importer(815301076,1909f56bfc062723c751e8b465ee728b)
Start importing Assets/test area.unity using Guid(c9fc854622246d54bb3432b2bae1cc85) Importer(815301076,1909f56bfc062723c751e8b465ee728b)  -> (artifact id: 'e1f2a055803da3bcaa8b7b36e32a29a1') in 0.003481 seconds
  Import took 0.011002 seconds .

========================================================================
Received Import Request.
  Time since last request: 29.719651 seconds.
  path: Assets/URP-PSX-master/README.md
  artifactKey: Guid(6824dbed30666ad4697a6ba6bd1e8a36) Importer(815301076,1909f56bfc062723c751e8b465ee728b)
Start importing Assets/URP-PSX-master/README.md using Guid(6824dbed30666ad4697a6ba6bd1e8a36) Importer(815301076,1909f56bfc062723c751e8b465ee728b)  -> (artifact id: '0717efb8c37dc56249f70353ac0fcacb') in 0.045063 seconds
  Import took 0.078413 seconds .

========================================================================
Received Import Request.
  Time since last request: 25.906296 seconds.
  path: Assets/URP-PSX-master/URP-PSX/Assets/VolumeProfile.asset
  artifactKey: Guid(7bbe35cdf5d69e14abbb03eccedaa5bd) Importer(815301076,1909f56bfc062723c751e8b465ee728b)
Start importing Assets/URP-PSX-master/URP-PSX/Assets/VolumeProfile.asset using Guid(7bbe35cdf5d69e14abbb03eccedaa5bd) Importer(815301076,1909f56bfc062723c751e8b465ee728b)  -> (artifact id: '01b178887b97811a9fbc04c37bba5145') in 0.026291 seconds
  Import took 0.032760 seconds .

========================================================================
Received Import Request.
  Time since last request: 0.659513 seconds.
  path: Assets/URP-PSX-master/URP-PSX/Assets/Materials/Psx_PBR_Ground.mat
  artifactKey: Guid(1255ded71521f6f46b758c53cc3a0887) Importer(815301076,1909f56bfc062723c751e8b465ee728b)
Start importing Assets/URP-PSX-master/URP-PSX/Assets/Materials/Psx_PBR_Ground.mat using Guid(1255ded71521f6f46b758c53cc3a0887) Importer(815301076,1909f56bfc062723c751e8b465ee728b)  -> (artifact id: '62e63aeaa98a70f60877eed254db885b') in 0.189502 seconds
  Import took 0.196227 seconds .

========================================================================
Received Prepare
Registering precompiled user dll's ...
Registered in 0.003985 seconds.
Begin MonoManager ReloadAssembly
Native extension for WindowsStandalone target not found
Refreshing native plugins compatible for Editor in 0.94 ms, found 0 plugins.
Preloading 0 native plugins for Editor in 0.00 ms.
Mono: successfully reloaded assembly
- Completed reload, in  2.528 seconds
Platform modules already initialized, skipping
Shader 'Universal Render Pipeline/Particles/Lit': fallback shader 'Universal Render Pipeline/Particles/SimpleLit' not found
Refreshing native plugins compatible for Editor in 0.89 ms, found 0 plugins.
Preloading 0 native plugins for Editor in 0.00 ms.
Unloading 2999 Unused Serialized files (Serialized files now loaded: 0)
System memory in use before: 153.6 MB.
System memory in use after: 153.5 MB.

Unloading 14 unused Assets to reduce memory usage. Loaded Objects now: 3670.
Total: 3.907700 ms (FindLiveObjects: 0.317700 ms CreateObjectMapping: 0.173200 ms MarkObjects: 3.217500 ms  DeleteObjects: 0.198000 ms)

========================================================================
Received Import Request.
  Time since last request: 61.747864 seconds.
  path: Assets/global manager.prefab
  artifactKey: Guid(fa3180552ee476d4d833c41dfec3a13b) Importer(815301076,1909f56bfc062723c751e8b465ee728b)
Start importing Assets/global manager.prefab using Guid(fa3180552ee476d4d833c41dfec3a13b) Importer(815301076,1909f56bfc062723c751e8b465ee728b)  -> (artifact id: '728f9b82ed7a9f5770aa0d6dd7d3e818') in 0.050496 seconds
  Import took 0.795322 seconds .

========================================================================
Received Import Request.
  Time since last request: 0.000302 seconds.
  path: Assets/test area.unity
  artifactKey: Guid(c9fc854622246d54bb3432b2bae1cc85) Importer(815301076,1909f56bfc062723c751e8b465ee728b)
Start importing Assets/test area.unity using Guid(c9fc854622246d54bb3432b2bae1cc85) Importer(815301076,1909f56bfc062723c751e8b465ee728b)  -> (artifact id: '7a7b0727303e1c6a76b2773fcdacee01') in 0.126129 seconds
  Import took 0.155081 seconds .

========================================================================
Received Prepare
Registering precompiled user dll's ...
Registered in 0.002340 seconds.
Begin MonoManager ReloadAssembly
Native extension for WindowsStandalone target not found
Refreshing native plugins compatible for Editor in 0.71 ms, found 0 plugins.
Preloading 0 native plugins for Editor in 0.00 ms.
Mono: successfully reloaded assembly
- Completed reload, in  1.532 seconds
Platform modules already initialized, skipping
Shader 'Universal Render Pipeline/Particles/Lit': fallback shader 'Universal Render Pipeline/Particles/SimpleLit' not found
Refreshing native plugins compatible for Editor in 0.97 ms, found 0 plugins.
Preloading 0 native plugins for Editor in 0.00 ms.
Unloading 2999 Unused Serialized files (Serialized files now loaded: 0)
System memory in use before: 153.6 MB.
System memory in use after: 153.5 MB.

Unloading 14 unused Assets to reduce memory usage. Loaded Objects now: 3679.
Total: 4.945700 ms (FindLiveObjects: 0.385300 ms CreateObjectMapping: 0.228400 ms MarkObjects: 3.918400 ms  DeleteObjects: 0.411500 ms)

========================================================================
Received Prepare
Registering precompiled user dll's ...
Registered in 0.002669 seconds.
Begin MonoManager ReloadAssembly
Native extension for WindowsStandalone target not found
Refreshing native plugins compatible for Editor in 1.08 ms, found 0 plugins.
Preloading 0 native plugins for Editor in 0.00 ms.
Mono: successfully reloaded assembly
- Completed reload, in  1.887 seconds
Platform modules already initialized, skipping
Shader 'Universal Render Pipeline/Particles/Lit': fallback shader 'Universal Render Pipeline/Particles/SimpleLit' not found
Refreshing native plugins compatible for Editor in 1.77 ms, found 0 plugins.
Preloading 0 native plugins for Editor in 0.00 ms.
Unloading 2999 Unused Serialized files (Serialized files now loaded: 0)
System memory in use before: 153.7 MB.
System memory in use after: 153.6 MB.

Unloading 14 unused Assets to reduce memory usage. Loaded Objects now: 3688.
Total: 8.145500 ms (FindLiveObjects: 0.444300 ms CreateObjectMapping: 0.432200 ms MarkObjects: 6.796300 ms  DeleteObjects: 0.470500 ms)

========================================================================
Received Prepare
Registering precompiled user dll's ...
Registered in 0.002318 seconds.
Begin MonoManager ReloadAssembly
Native extension for WindowsStandalone target not found
Refreshing native plugins compatible for Editor in 0.57 ms, found 0 plugins.
Preloading 0 native plugins for Editor in 0.00 ms.
Mono: successfully reloaded assembly
- Completed reload, in  1.482 seconds
Platform modules already initialized, skipping
Shader 'Universal Render Pipeline/Particles/Lit': fallback shader 'Universal Render Pipeline/Particles/SimpleLit' not found
Refreshing native plugins compatible for Editor in 0.59 ms, found 0 plugins.
Preloading 0 native plugins for Editor in 0.00 ms.
Unloading 2999 Unused Serialized files (Serialized files now loaded: 0)
System memory in use before: 153.7 MB.
System memory in use after: 153.6 MB.

Unloading 14 unused Assets to reduce memory usage. Loaded Objects now: 3697.
Total: 3.688300 ms (FindLiveObjects: 0.339500 ms CreateObjectMapping: 0.172000 ms MarkObjects: 2.957300 ms  DeleteObjects: 0.218300 ms)

========================================================================
Received Prepare
Registering precompiled user dll's ...
Registered in 0.002378 seconds.
Begin MonoManager ReloadAssembly
Native extension for WindowsStandalone target not found
Refreshing native plugins compatible for Editor in 0.61 ms, found 0 plugins.
Preloading 0 native plugins for Editor in 0.00 ms.
Mono: successfully reloaded assembly
- Completed reload, in  1.453 seconds
Platform modules already initialized, skipping
Shader 'Universal Render Pipeline/Particles/Lit': fallback shader 'Universal Render Pipeline/Particles/SimpleLit' not found
Refreshing native plugins compatible for Editor in 0.91 ms, found 0 plugins.
Preloading 0 native plugins for Editor in 0.00 ms.
Unloading 2999 Unused Serialized files (Serialized files now loaded: 0)
System memory in use before: 153.7 MB.
System memory in use after: 153.7 MB.

Unloading 14 unused Assets to reduce memory usage. Loaded Objects now: 3706.
Total: 5.268900 ms (FindLiveObjects: 0.491900 ms CreateObjectMapping: 0.278200 ms MarkObjects: 4.256900 ms  DeleteObjects: 0.240700 ms)

========================================================================
Received Prepare
Registering precompiled user dll's ...
Registered in 0.002872 seconds.
Begin MonoManager ReloadAssembly
Native extension for WindowsStandalone target not found
Refreshing native plugins compatible for Editor in 0.70 ms, found 0 plugins.
Preloading 0 native plugins for Editor in 0.00 ms.
Mono: successfully reloaded assembly
- Completed reload, in  1.520 seconds
Platform modules already initialized, skipping
Shader 'Universal Render Pipeline/Particles/Lit': fallback shader 'Universal Render Pipeline/Particles/SimpleLit' not found
Refreshing native plugins compatible for Editor in 0.61 ms, found 0 plugins.
Preloading 0 native plugins for Editor in 0.00 ms.
Unloading 2999 Unused Serialized files (Serialized files now loaded: 0)
System memory in use before: 153.8 MB.
System memory in use after: 153.7 MB.

Unloading 14 unused Assets to reduce memory usage. Loaded Objects now: 3715.
Total: 5.455700 ms (FindLiveObjects: 0.431800 ms CreateObjectMapping: 0.193500 ms MarkObjects: 4.579400 ms  DeleteObjects: 0.249900 ms)

========================================================================
Received Prepare
Registering precompiled user dll's ...
Registered in 0.003367 seconds.
Begin MonoManager ReloadAssembly
Native extension for WindowsStandalone target not found
Refreshing native plugins compatible for Editor in 0.56 ms, found 0 plugins.
Preloading 0 native plugins for Editor in 0.00 ms.
Mono: successfully reloaded assembly
- Completed reload, in  1.457 seconds
Platform modules already initialized, skipping
Shader 'Universal Render Pipeline/Particles/Lit': fallback shader 'Universal Render Pipeline/Particles/SimpleLit' not found
Refreshing native plugins compatible for Editor in 0.65 ms, found 0 plugins.
Preloading 0 native plugins for Editor in 0.00 ms.
Unloading 2999 Unused Serialized files (Serialized files now loaded: 0)
System memory in use before: 153.8 MB.
System memory in use after: 153.7 MB.

Unloading 14 unused Assets to reduce memory usage. Loaded Objects now: 3724.
Total: 3.329000 ms (FindLiveObjects: 0.322100 ms CreateObjectMapping: 0.166500 ms MarkObjects: 2.631700 ms  DeleteObjects: 0.207600 ms)

========================================================================
Received Prepare
Registering precompiled user dll's ...
Registered in 0.002825 seconds.
Begin MonoManager ReloadAssembly
Native extension for WindowsStandalone target not found
Refreshing native plugins compatible for Editor in 0.58 ms, found 0 plugins.
Preloading 0 native plugins for Editor in 0.00 ms.
Mono: successfully reloaded assembly
- Completed reload, in  1.597 seconds
Platform modules already initialized, skipping
Shader 'Universal Render Pipeline/Particles/Lit': fallback shader 'Universal Render Pipeline/Particles/SimpleLit' not found
Refreshing native plugins compatible for Editor in 0.71 ms, found 0 plugins.
Preloading 0 native plugins for Editor in 0.00 ms.
Unloading 2999 Unused Serialized files (Serialized files now loaded: 0)
System memory in use before: 153.8 MB.
System memory in use after: 153.7 MB.

Unloading 14 unused Assets to reduce memory usage. Loaded Objects now: 3733.
Total: 3.905900 ms (FindLiveObjects: 0.361800 ms CreateObjectMapping: 0.228100 ms MarkObjects: 2.984500 ms  DeleteObjects: 0.330000 ms)

========================================================================
Received Prepare
Registering precompiled user dll's ...
Registered in 0.003702 seconds.
Begin MonoManager ReloadAssembly
Native extension for WindowsStandalone target not found
Refreshing native plugins compatible for Editor in 0.60 ms, found 0 plugins.
Preloading 0 native plugins for Editor in 0.00 ms.
Mono: successfully reloaded assembly
- Completed reload, in  1.598 seconds
Platform modules already initialized, skipping
Shader 'Universal Render Pipeline/Particles/Lit': fallback shader 'Universal Render Pipeline/Particles/SimpleLit' not found
Refreshing native plugins compatible for Editor in 0.69 ms, found 0 plugins.
Preloading 0 native plugins for Editor in 0.00 ms.
Unloading 2999 Unused Serialized files (Serialized files now loaded: 0)
System memory in use before: 153.8 MB.
System memory in use after: 153.7 MB.

Unloading 14 unused Assets to reduce memory usage. Loaded Objects now: 3742.
Total: 3.648200 ms (FindLiveObjects: 0.390700 ms CreateObjectMapping: 0.200100 ms MarkObjects: 2.846100 ms  DeleteObjects: 0.209900 ms)

========================================================================
Received Import Request.
  Time since last request: 3837.286208 seconds.
  path: Assets/URP-PSX-master/URP-PSX/Assets/Models/buddhaPreaching.jpg
  artifactKey: Guid(019d6e4de973b1d4a8a148108d3f9fe4) Importer(815301076,1909f56bfc062723c751e8b465ee728b)
Start importing Assets/URP-PSX-master/URP-PSX/Assets/Models/buddhaPreaching.jpg using Guid(019d6e4de973b1d4a8a148108d3f9fe4) Importer(815301076,1909f56bfc062723c751e8b465ee728b)  -> (artifact id: 'f009759d77389dfd06ff8a1eb01c2140') in 0.180340 seconds
  Import took 0.197360 seconds .

========================================================================
Received Import Request.
  Time since last request: 0.000496 seconds.
  path: Assets/URP-PSX-master/URP-PSX/Assets/Models/Rocks.png
  artifactKey: Guid(68ac77feaf2a3c840a9944faf4ab7247) Importer(815301076,1909f56bfc062723c751e8b465ee728b)
Start importing Assets/URP-PSX-master/URP-PSX/Assets/Models/Rocks.png using Guid(68ac77feaf2a3c840a9944faf4ab7247) Importer(815301076,1909f56bfc062723c751e8b465ee728b)  -> (artifact id: '7aa0b50d93bfcaebef159c83c50a709c') in 0.026455 seconds
  Import took 0.053266 seconds .

========================================================================
Received Import Request.
  Time since last request: 0.000339 seconds.
  path: Assets/URP-PSX-master/URP-PSX/Assets/Models/rock.jpg
  artifactKey: Guid(b409fdb9188fe494abcac6423df3a371) Importer(815301076,1909f56bfc062723c751e8b465ee728b)
Start importing Assets/URP-PSX-master/URP-PSX/Assets/Models/rock.jpg using Guid(b409fdb9188fe494abcac6423df3a371) Importer(815301076,1909f56bfc062723c751e8b465ee728b)  -> (artifact id: 'de2cd66c83a881e605c1eaa38a099902') in 0.044430 seconds
  Import took 0.050954 seconds .

========================================================================
Received Prepare
Registering precompiled user dll's ...
Registered in 0.003106 seconds.
Begin MonoManager ReloadAssembly
Native extension for WindowsStandalone target not found
Refreshing native plugins compatible for Editor in 0.67 ms, found 0 plugins.
Preloading 0 native plugins for Editor in 0.00 ms.
Mono: successfully reloaded assembly
- Completed reload, in 12.148 seconds
Platform modules already initialized, skipping
Shader 'Universal Render Pipeline/Particles/Lit': fallback shader 'Universal Render Pipeline/Particles/SimpleLit' not found
Refreshing native plugins compatible for Editor in 0.66 ms, found 0 plugins.
Preloading 0 native plugins for Editor in 0.00 ms.
Unloading 2999 Unused Serialized files (Serialized files now loaded: 0)
System memory in use before: 153.9 MB.
System memory in use after: 153.8 MB.

Unloading 14 unused Assets to reduce memory usage. Loaded Objects now: 3752.
Total: 3.876400 ms (FindLiveObjects: 0.399400 ms CreateObjectMapping: 0.211600 ms MarkObjects: 3.014800 ms  DeleteObjects: 0.249300 ms)

========================================================================
Received Prepare
Registering precompiled user dll's ...
Registered in 0.002811 seconds.
Begin MonoManager ReloadAssembly
Native extension for WindowsStandalone target not found
Refreshing native plugins compatible for Editor in 0.73 ms, found 0 plugins.
Preloading 0 native plugins for Editor in 0.00 ms.
Mono: successfully reloaded assembly
- Completed reload, in  7.263 seconds
Platform modules already initialized, skipping
Shader 'Universal Render Pipeline/Particles/Lit': fallback shader 'Universal Render Pipeline/Particles/SimpleLit' not found
Refreshing native plugins compatible for Editor in 0.67 ms, found 0 plugins.
Preloading 0 native plugins for Editor in 0.00 ms.
Unloading 2999 Unused Serialized files (Serialized files now loaded: 0)
System memory in use before: 153.9 MB.
System memory in use after: 153.8 MB.

Unloading 14 unused Assets to reduce memory usage. Loaded Objects now: 3761.
Total: 5.844100 ms (FindLiveObjects: 0.418900 ms CreateObjectMapping: 0.242100 ms MarkObjects: 4.892500 ms  DeleteObjects: 0.288900 ms)

========================================================================
Received Import Request.
  Time since last request: 734.018810 seconds.
  path: Assets/Particle light.prefab
  artifactKey: Guid(d4e6873524a28d64caf09afb587be166) Importer(815301076,1909f56bfc062723c751e8b465ee728b)
Start importing Assets/Particle light.prefab using Guid(d4e6873524a28d64caf09afb587be166) Importer(815301076,1909f56bfc062723c751e8b465ee728b)  -> (artifact id: '24fb1ad5d8e6d7fe9b8f8d4b0402c53c') in 0.036133 seconds
  Import took 0.081883 seconds .

========================================================================
Received Import Request.
  Time since last request: 8.043301 seconds.
  path: Assets/Particle light.prefab
  artifactKey: Guid(d4e6873524a28d64caf09afb587be166) Importer(815301076,1909f56bfc062723c751e8b465ee728b)
Start importing Assets/Particle light.prefab using Guid(d4e6873524a28d64caf09afb587be166) Importer(815301076,1909f56bfc062723c751e8b465ee728b)  -> (artifact id: '24fb1ad5d8e6d7fe9b8f8d4b0402c53c') in 0.005869 seconds
  Import took 0.093803 seconds .

========================================================================
Received Prepare
Registering precompiled user dll's ...
Registered in 0.002750 seconds.
Begin MonoManager ReloadAssembly
Native extension for WindowsStandalone target not found
Refreshing native plugins compatible for Editor in 1.03 ms, found 0 plugins.
Preloading 0 native plugins for Editor in 0.00 ms.
Mono: successfully reloaded assembly
- Completed reload, in  1.498 seconds
Platform modules already initialized, skipping
Shader 'Universal Render Pipeline/Particles/Lit': fallback shader 'Universal Render Pipeline/Particles/SimpleLit' not found
Refreshing native plugins compatible for Editor in 0.61 ms, found 0 plugins.
Preloading 0 native plugins for Editor in 0.00 ms.
Unloading 2999 Unused Serialized files (Serialized files now loaded: 0)
System memory in use before: 153.9 MB.
System memory in use after: 153.8 MB.

Unloading 14 unused Assets to reduce memory usage. Loaded Objects now: 3770.
Total: 3.724000 ms (FindLiveObjects: 0.460600 ms CreateObjectMapping: 0.181800 ms MarkObjects: 2.861000 ms  DeleteObjects: 0.219300 ms)

========================================================================
Received Import Request.
  Time since last request: 390.554879 seconds.
  path: Assets/player containor.prefab
  artifactKey: Guid(7ec3cb218b96ce64898a48e0f28b56b7) Importer(815301076,1909f56bfc062723c751e8b465ee728b)
Start importing Assets/player containor.prefab using Guid(7ec3cb218b96ce64898a48e0f28b56b7) Importer(815301076,1909f56bfc062723c751e8b465ee728b)  -> (artifact id: 'be682a3a3916c164148124aacec18663') in 0.331190 seconds
  Import took 0.358168 seconds .

========================================================================
Received Import Request.
  Time since last request: 0.000590 seconds.
  path: Assets/cameracontainor.prefab
  artifactKey: Guid(d8cdc071885263545a924ac1c1496985) Importer(815301076,1909f56bfc062723c751e8b465ee728b)
Start importing Assets/cameracontainor.prefab using Guid(d8cdc071885263545a924ac1c1496985) Importer(815301076,1909f56bfc062723c751e8b465ee728b)  -> (artifact id: 'f30002152bfab7a73a9c5d8206e25ac5') in 0.141133 seconds
  Import took 0.174284 seconds .

========================================================================
Received Prepare
Registering precompiled user dll's ...
Registered in 0.002429 seconds.
Begin MonoManager ReloadAssembly
Native extension for WindowsStandalone target not found
Refreshing native plugins compatible for Editor in 0.88 ms, found 0 plugins.
Preloading 0 native plugins for Editor in 0.00 ms.
Mono: successfully reloaded assembly
- Completed reload, in  1.597 seconds
Platform modules already initialized, skipping
Shader 'Universal Render Pipeline/Particles/Lit': fallback shader 'Universal Render Pipeline/Particles/SimpleLit' not found
Refreshing native plugins compatible for Editor in 0.78 ms, found 0 plugins.
Preloading 0 native plugins for Editor in 0.00 ms.
Unloading 2999 Unused Serialized files (Serialized files now loaded: 0)
System memory in use before: 154.1 MB.
System memory in use after: 154.0 MB.

Unloading 14 unused Assets to reduce memory usage. Loaded Objects now: 3821.
Total: 6.341800 ms (FindLiveObjects: 0.458600 ms CreateObjectMapping: 0.221700 ms MarkObjects: 5.368600 ms  DeleteObjects: 0.291500 ms)

========================================================================
Received Prepare
Registering precompiled user dll's ...
Registered in 0.002884 seconds.
Begin MonoManager ReloadAssembly
Native extension for WindowsStandalone target not found
Refreshing native plugins compatible for Editor in 0.68 ms, found 0 plugins.
Preloading 0 native plugins for Editor in 0.00 ms.
Mono: successfully reloaded assembly
- Completed reload, in  1.782 seconds
Platform modules already initialized, skipping
Shader 'Universal Render Pipeline/Particles/Lit': fallback shader 'Universal Render Pipeline/Particles/SimpleLit' not found
Refreshing native plugins compatible for Editor in 0.70 ms, found 0 plugins.
Preloading 0 native plugins for Editor in 0.00 ms.
Unloading 2999 Unused Serialized files (Serialized files now loaded: 0)
System memory in use before: 154.1 MB.
System memory in use after: 154.0 MB.

Unloading 14 unused Assets to reduce memory usage. Loaded Objects now: 3830.
Total: 5.581500 ms (FindLiveObjects: 0.336000 ms CreateObjectMapping: 0.192600 ms MarkObjects: 4.830400 ms  DeleteObjects: 0.220700 ms)

========================================================================
Received Prepare
Registering precompiled user dll's ...
Registered in 0.002469 seconds.
Begin MonoManager ReloadAssembly
Native extension for WindowsStandalone target not found
Refreshing native plugins compatible for Editor in 1.05 ms, found 0 plugins.
Preloading 0 native plugins for Editor in 0.00 ms.
Mono: successfully reloaded assembly
- Completed reload, in  1.652 seconds
Platform modules already initialized, skipping
Shader 'Universal Render Pipeline/Particles/Lit': fallback shader 'Universal Render Pipeline/Particles/SimpleLit' not found
Refreshing native plugins compatible for Editor in 0.57 ms, found 0 plugins.
Preloading 0 native plugins for Editor in 0.00 ms.
Unloading 2999 Unused Serialized files (Serialized files now loaded: 0)
System memory in use before: 154.1 MB.
System memory in use after: 154.0 MB.

Unloading 14 unused Assets to reduce memory usage. Loaded Objects now: 3839.
Total: 3.582300 ms (FindLiveObjects: 0.360200 ms CreateObjectMapping: 0.199500 ms MarkObjects: 2.806000 ms  DeleteObjects: 0.215500 ms)

========================================================================
Received Prepare
Registering precompiled user dll's ...
Registered in 0.002927 seconds.
Begin MonoManager ReloadAssembly
Native extension for WindowsStandalone target not found
Refreshing native plugins compatible for Editor in 0.77 ms, found 0 plugins.
Preloading 0 native plugins for Editor in 0.00 ms.
Mono: successfully reloaded assembly
- Completed reload, in  1.543 seconds
Platform modules already initialized, skipping
Shader 'Universal Render Pipeline/Particles/Lit': fallback shader 'Universal Render Pipeline/Particles/SimpleLit' not found
Refreshing native plugins compatible for Editor in 0.66 ms, found 0 plugins.
Preloading 0 native plugins for Editor in 0.00 ms.
Unloading 2999 Unused Serialized files (Serialized files now loaded: 0)
System memory in use before: 154.1 MB.
System memory in use after: 154.0 MB.

Unloading 14 unused Assets to reduce memory usage. Loaded Objects now: 3848.
Total: 4.878600 ms (FindLiveObjects: 0.395800 ms CreateObjectMapping: 0.207900 ms MarkObjects: 4.037800 ms  DeleteObjects: 0.235500 ms)

========================================================================
Received Prepare
Registering precompiled user dll's ...
Registered in 0.002386 seconds.
Begin MonoManager ReloadAssembly
Native extension for WindowsStandalone target not found
Refreshing native plugins compatible for Editor in 0.60 ms, found 0 plugins.
Preloading 0 native plugins for Editor in 0.00 ms.
Mono: successfully reloaded assembly
- Completed reload, in  1.459 seconds
Platform modules already initialized, skipping
Shader 'Universal Render Pipeline/Particles/Lit': fallback shader 'Universal Render Pipeline/Particles/SimpleLit' not found
Refreshing native plugins compatible for Editor in 0.66 ms, found 0 plugins.
Preloading 0 native plugins for Editor in 0.00 ms.
Unloading 2999 Unused Serialized files (Serialized files now loaded: 0)
System memory in use before: 154.1 MB.
System memory in use after: 154.1 MB.

Unloading 14 unused Assets to reduce memory usage. Loaded Objects now: 3857.
Total: 3.650200 ms (FindLiveObjects: 0.354300 ms CreateObjectMapping: 0.181000 ms MarkObjects: 2.894600 ms  DeleteObjects: 0.219200 ms)

========================================================================
Received Prepare
Registering precompiled user dll's ...
Registered in 0.002552 seconds.
Begin MonoManager ReloadAssembly
Native extension for WindowsStandalone target not found
Refreshing native plugins compatible for Editor in 0.66 ms, found 0 plugins.
Preloading 0 native plugins for Editor in 0.00 ms.
Mono: successfully reloaded assembly
- Completed reload, in  1.949 seconds
Platform modules already initialized, skipping
Shader 'Universal Render Pipeline/Particles/Lit': fallback shader 'Universal Render Pipeline/Particles/SimpleLit' not found
Refreshing native plugins compatible for Editor in 0.72 ms, found 0 plugins.
Preloading 0 native plugins for Editor in 0.00 ms.
Unloading 2999 Unused Serialized files (Serialized files now loaded: 0)
System memory in use before: 154.2 MB.
System memory in use after: 154.1 MB.

Unloading 14 unused Assets to reduce memory usage. Loaded Objects now: 3866.
Total: 11.580700 ms (FindLiveObjects: 0.798500 ms CreateObjectMapping: 0.791400 ms MarkObjects: 9.658500 ms  DeleteObjects: 0.330000 ms)

AssetImportWorkerClient::OnTransportError - code=2 error=End of file
